<?xml version="1.0" encoding="UTF-8"?>
<testsuite name="agh.ics.oop.AnimalTest" tests="4" skipped="0" failures="0" errors="0" timestamp="2022-11-07T19:47:17" hostname="L-10Z" time="0.046">
  <properties/>
  <testcase name="OrientationTest()" classname="agh.ics.oop.AnimalTest" time="0.038"/>
  <testcase name="OptionsParserTest()" classname="agh.ics.oop.AnimalTest" time="0.002"/>
  <testcase name="OutOfBoundsTest()" classname="agh.ics.oop.AnimalTest" time="0.001"/>
  <testcase name="PositionTest()" classname="agh.ics.oop.AnimalTest" time="0.001"/>
  <system-out><![CDATA[]]></system-out>
  <system-err><![CDATA[]]></system-err>
</testsuite>
