<?xml version="1.0" encoding="UTF-8"?>
<testsuite name="agh.ics.oop.Vextor2dTest" tests="9" skipped="0" failures="0" errors="0" timestamp="2022-10-24T19:29:13" hostname="L-10Z" time="0.053">
  <properties/>
  <testcase name="upperRightTest()" classname="agh.ics.oop.Vextor2dTest" time="0.027"/>
  <testcase name="addTest()" classname="agh.ics.oop.Vextor2dTest" time="0.001"/>
  <testcase name="precedesTest()" classname="agh.ics.oop.Vextor2dTest" time="0.003"/>
  <testcase name="oppositeTest()" classname="agh.ics.oop.Vextor2dTest" time="0.002"/>
  <testcase name="lowerLeftTest()" classname="agh.ics.oop.Vextor2dTest" time="0.001"/>
  <testcase name="equalsTest()" classname="agh.ics.oop.Vextor2dTest" time="0.0"/>
  <testcase name="toStringTest()" classname="agh.ics.oop.Vextor2dTest" time="0.008"/>
  <testcase name="subtractTest()" classname="agh.ics.oop.Vextor2dTest" time="0.001"/>
  <testcase name="followsTest()" classname="agh.ics.oop.Vextor2dTest" time="0.001"/>
  <system-out><![CDATA[]]></system-out>
  <system-err><![CDATA[]]></system-err>
</testsuite>
